
Specie does not exists. You should add it to database
Register data of animal are invalid
Invalid token
Specie does not exists. You should add it to database
Register data of animal are invalid
Invalid token
Specie by this name: Dog does not exists
Register data of specie is invalid
Specie by this name: Dog does not exists
Register data of specie is invalid
Specie by this name: Cat  exists
Register data of specie is invalid
Invalid token
Specie by this name: Wolf  exists
Register data of specie is invalid
Invalid token
Invalid token
Invalid token
Specie does not exists. You should add it to database
Register data of animal are invalid
Invalid token
Specie does not exists. You should add it to database
Register data of animal are invalid
Invalid token
Invalid token
Invalid token
